Jul-24 13:59:11.026 [main] DEBUG nextflow.cli.Launcher - $> nextflow run main.nf
Jul-24 13:59:11.480 [main] DEBUG nextflow.cli.CmdRun - N E X T F L O W  ~  version 25.04.4
Jul-24 13:59:11.512 [main] DEBUG nextflow.plugin.PluginsFacade - Setting up plugin manager > mode=prod; embedded=false; plugins-dir=/home/huraira/.nextflow/plugins; core-plugins: nf-amazon@2.15.0,nf-azure@1.16.0,nf-cloudcache@0.4.3,nf-codecommit@0.2.3,nf-console@1.2.1,nf-google@1.21.0,nf-k8s@1.0.0,nf-tower@1.11.3,nf-wave@1.12.1
Jul-24 13:59:11.549 [main] INFO  o.pf4j.DefaultPluginStatusProvider - Enabled plugins: []
Jul-24 13:59:11.551 [main] INFO  o.pf4j.DefaultPluginStatusProvider - Disabled plugins: []
Jul-24 13:59:11.558 [main] INFO  org.pf4j.DefaultPluginManager - PF4J version 3.12.0 in 'deployment' mode
Jul-24 13:59:11.578 [main] INFO  org.pf4j.AbstractPluginManager - No plugins
Jul-24 13:59:11.621 [main] DEBUG nextflow.config.ConfigBuilder - Found config local: /data/rna_seq_pipeline/nextflow.config
Jul-24 13:59:11.626 [main] DEBUG nextflow.config.ConfigBuilder - Parsing config file: /data/rna_seq_pipeline/nextflow.config
Jul-24 13:59:11.702 [main] DEBUG n.secret.LocalSecretsProvider - Secrets store: /home/huraira/.nextflow/secrets/store.json
Jul-24 13:59:11.709 [main] DEBUG nextflow.secret.SecretsLoader - Discovered secrets providers: [nextflow.secret.LocalSecretsProvider@736ac09a] - activable => nextflow.secret.LocalSecretsProvider@736ac09a
Jul-24 13:59:11.722 [main] DEBUG nextflow.config.ConfigBuilder - Applying config profile: `standard`
Jul-24 13:59:12.356 [main] DEBUG nextflow.cli.CmdRun - Applied DSL=2 by global default
Jul-24 13:59:12.376 [main] DEBUG nextflow.cli.CmdRun - Launching `main.nf` [tiny_fourier] DSL2 - revision: f29d0b2845
Jul-24 13:59:12.379 [main] DEBUG nextflow.plugin.PluginsFacade - Plugins default=[]
Jul-24 13:59:12.380 [main] DEBUG nextflow.plugin.PluginsFacade - Plugins resolved requirement=[]
Jul-24 13:59:12.468 [main] DEBUG nextflow.Session - Session UUID: 60e6d0b5-9708-4b53-92e8-8e6a05207398
Jul-24 13:59:12.469 [main] DEBUG nextflow.Session - Run name: tiny_fourier
Jul-24 13:59:12.469 [main] DEBUG nextflow.Session - Executor pool size: 8
Jul-24 13:59:12.484 [main] DEBUG nextflow.file.FilePorter - File porter settings maxRetries=3; maxTransfers=50; pollTimeout=null
Jul-24 13:59:12.496 [main] DEBUG nextflow.util.ThreadPoolBuilder - Creating thread pool 'FileTransfer' minSize=10; maxSize=24; workQueue=LinkedBlockingQueue[-1]; allowCoreThreadTimeout=false
Jul-24 13:59:12.527 [main] DEBUG nextflow.cli.CmdRun - 
  Version: 25.04.4 build 5950
  Created: 16-06-2025 14:23 UTC (16:23 CEST)
  System: Linux 6.14.0-24-generic
  Runtime: Groovy 4.0.26 on OpenJDK 64-Bit Server VM 17.0.15+6-Ubuntu-0ubuntu124.04
  Encoding: UTF-8 (UTF-8)
  Process: 130456@huraira-VMware [127.0.1.1]
  CPUs: 8 - Mem: 11.6 GB (607.9 MB) - Swap: 3.8 GB (3.8 GB)
Jul-24 13:59:12.569 [main] DEBUG nextflow.Session - Work-dir: /data/rna_seq_pipeline/work [ext2/ext3]
Jul-24 13:59:12.590 [main] DEBUG nextflow.executor.ExecutorFactory - Extension executors providers=[]
Jul-24 13:59:12.606 [main] DEBUG nextflow.Session - Observer factory: DefaultObserverFactory
Jul-24 13:59:12.617 [main] DEBUG nextflow.Session - Observer factory (v2): LinObserverFactory
Jul-24 13:59:12.661 [main] DEBUG nextflow.cache.CacheFactory - Using Nextflow cache factory: nextflow.cache.DefaultCacheFactory
Jul-24 13:59:12.675 [main] DEBUG nextflow.util.CustomThreadPool - Creating default thread pool > poolSize: 9; maxThreads: 1000
Jul-24 13:59:12.758 [main] DEBUG nextflow.Session - Session start
Jul-24 13:59:13.114 [main] DEBUG nextflow.script.ScriptRunner - > Launching execution
Jul-24 13:59:13.879 [main] DEBUG nextflow.executor.ExecutorFactory - << taskConfig executor: null
Jul-24 13:59:13.879 [main] DEBUG nextflow.executor.ExecutorFactory - >> processorType: 'local'
Jul-24 13:59:13.888 [main] DEBUG nextflow.executor.Executor - [warm up] executor > local
Jul-24 13:59:13.897 [main] DEBUG n.processor.LocalPollingMonitor - Creating local task monitor for executor 'local' > cpus=8; memory=11.6 GB; capacity=8; pollInterval=100ms; dumpInterval=5m
Jul-24 13:59:13.901 [main] DEBUG n.processor.TaskPollingMonitor - >>> barrier register (monitor: local)
Jul-24 13:59:13.944 [main] DEBUG nextflow.processor.TaskProcessor - Creating process 'fetch_sra_files': maxForks=0; fair=false; array=0
Jul-24 13:59:14.034 [main] DEBUG nextflow.executor.ExecutorFactory - << taskConfig executor: null
Jul-24 13:59:14.035 [main] DEBUG nextflow.executor.ExecutorFactory - >> processorType: 'local'
Jul-24 13:59:14.037 [main] DEBUG nextflow.processor.TaskProcessor - Creating process 'fasterq_dump': maxForks=0; fair=false; array=0
Jul-24 13:59:14.052 [main] DEBUG nextflow.executor.ExecutorFactory - << taskConfig executor: null
Jul-24 13:59:14.052 [main] DEBUG nextflow.executor.ExecutorFactory - >> processorType: 'local'
Jul-24 13:59:14.053 [main] DEBUG nextflow.processor.TaskProcessor - Creating process 'pre_quality_check': maxForks=0; fair=false; array=0
Jul-24 13:59:14.062 [main] DEBUG nextflow.executor.ExecutorFactory - << taskConfig executor: null
Jul-24 13:59:14.063 [main] DEBUG nextflow.executor.ExecutorFactory - >> processorType: 'local'
Jul-24 13:59:14.064 [main] DEBUG nextflow.processor.TaskProcessor - Creating process 'trim_sequences': maxForks=0; fair=false; array=0
Jul-24 13:59:14.076 [main] DEBUG nextflow.executor.ExecutorFactory - << taskConfig executor: null
Jul-24 13:59:14.077 [main] DEBUG nextflow.executor.ExecutorFactory - >> processorType: 'local'
Jul-24 13:59:14.078 [main] DEBUG nextflow.processor.TaskProcessor - Creating process 'post_quality_check': maxForks=0; fair=false; array=0
Jul-24 13:59:14.084 [main] DEBUG nextflow.Session - Workflow process names [dsl2]: trim_sequences, fasterq_dump, fetch_sra_files, pre_quality_check, post_quality_check, quality_check
Jul-24 13:59:14.087 [main] DEBUG nextflow.Session - Igniting dataflow network (6)
Jul-24 13:59:14.095 [main] DEBUG nextflow.processor.TaskProcessor - Starting process > fetch_sra_files
Jul-24 13:59:14.096 [main] DEBUG nextflow.processor.TaskProcessor - Starting process > fasterq_dump
Jul-24 13:59:14.097 [main] DEBUG nextflow.processor.TaskProcessor - Starting process > pre_quality_check
Jul-24 13:59:14.098 [main] DEBUG nextflow.processor.TaskProcessor - Starting process > trim_sequences
Jul-24 13:59:14.099 [main] DEBUG nextflow.processor.TaskProcessor - Starting process > post_quality_check
Jul-24 13:59:14.101 [main] DEBUG nextflow.script.ScriptRunner - Parsed script files:
  Script_7eadafc6d2d81f75: /data/rna_seq_pipeline/main.nf
  Script_eccc05da0137f273: /data/rna_seq_pipeline/processes/fetch_sra.nf
  Script_2245ac645be6bd8d: /data/rna_seq_pipeline/processes/trim_sequences.nf
  Script_a3872932aebcec6f: /data/rna_seq_pipeline/processes/quality_check.nf
  Script_d141b051e8d930f9: /data/rna_seq_pipeline/processes/process_sra.nf
Jul-24 13:59:14.101 [main] DEBUG nextflow.script.ScriptRunner - > Awaiting termination 
Jul-24 13:59:14.101 [main] DEBUG nextflow.Session - Session await
Jul-24 13:59:14.237 [Actor Thread 8] DEBUG nextflow.conda.CondaCache - conda found local env for environment=./envs/sra_tools.yaml; path=/data/rna_seq_pipeline/work/conda/env-e9d2492d87d8ffc8-4ae917877ee612278c99199d44924059
Jul-24 13:59:14.385 [Task submitter] DEBUG n.executor.local.LocalTaskHandler - Launch cmd line: /bin/bash -ue .command.run
Jul-24 13:59:14.389 [Task submitter] INFO  nextflow.Session - [bb/fb2aaf] Submitted process > fetch_sra_files
Jul-24 14:00:41.967 [Task monitor] DEBUG n.processor.TaskPollingMonitor - Task completed > TaskHandler[id: 1; name: fetch_sra_files; status: COMPLETED; exit: 0; error: -; workDir: /data/rna_seq_pipeline/work/bb/fb2aafdb0e681e0c5e07b5a21ecd04]
Jul-24 14:00:41.968 [Task monitor] DEBUG nextflow.util.ThreadPoolBuilder - Creating thread pool 'TaskFinalizer' minSize=10; maxSize=24; workQueue=LinkedBlockingQueue[-1]; allowCoreThreadTimeout=false
Jul-24 14:00:42.021 [TaskFinalizer-1] DEBUG nextflow.util.ThreadPoolBuilder - Creating thread pool 'PublishDir' minSize=10; maxSize=24; workQueue=LinkedBlockingQueue[-1]; allowCoreThreadTimeout=false
Jul-24 14:00:42.043 [Task submitter] DEBUG n.executor.local.LocalTaskHandler - Launch cmd line: /bin/bash -ue .command.run
Jul-24 14:00:42.044 [Task submitter] INFO  nextflow.Session - [92/34e9f4] Submitted process > fasterq_dump
Jul-24 14:01:01.335 [Task monitor] DEBUG n.processor.TaskPollingMonitor - Task completed > TaskHandler[id: 2; name: fasterq_dump; status: COMPLETED; exit: 0; error: -; workDir: /data/rna_seq_pipeline/work/92/34e9f4814b5dab01dd909515be5180]
Jul-24 14:01:01.441 [Actor Thread 6] DEBUG nextflow.conda.CondaCache - conda found local env for environment=./envs/quality_check.yaml; path=/data/rna_seq_pipeline/work/conda/env-cbce26929b0eb78f-d32f8cd1f9203b7b67712bc17134b7ae
Jul-24 14:01:01.441 [Actor Thread 3] DEBUG nextflow.conda.CondaCache - conda found local env for environment=./envs/trim_sequences.yaml; path=/data/rna_seq_pipeline/work/conda/env-c751035d7057a31c-ad8f7183c614bf7ac9a1e82bb859dbf7
Jul-24 14:01:01.469 [Task submitter] DEBUG n.executor.local.LocalTaskHandler - Launch cmd line: /bin/bash -ue .command.run
Jul-24 14:01:01.472 [Task submitter] INFO  nextflow.Session - [d4/6ba6d3] Submitted process > trim_sequences
Jul-24 14:01:01.492 [Task submitter] DEBUG n.executor.local.LocalTaskHandler - Launch cmd line: /bin/bash -ue .command.run
Jul-24 14:01:01.493 [Task submitter] INFO  nextflow.Session - [16/6ff07b] Submitted process > pre_quality_check
Jul-24 14:01:28.681 [Task monitor] DEBUG n.processor.TaskPollingMonitor - Task completed > TaskHandler[id: 4; name: trim_sequences; status: COMPLETED; exit: 0; error: -; workDir: /data/rna_seq_pipeline/work/d4/6ba6d30df394765233efe047c147a5]
Jul-24 14:01:28.759 [Task submitter] DEBUG n.executor.local.LocalTaskHandler - Launch cmd line: /bin/bash -ue .command.run
Jul-24 14:01:28.762 [Task submitter] INFO  nextflow.Session - [67/ebb18d] Submitted process > post_quality_check
Jul-24 14:02:09.702 [Task monitor] DEBUG n.processor.TaskPollingMonitor - Task completed > TaskHandler[id: 3; name: pre_quality_check; status: COMPLETED; exit: 0; error: -; workDir: /data/rna_seq_pipeline/work/16/6ff07baa7bc3423fbbabb5154dec0d]
Jul-24 14:02:24.396 [Task monitor] DEBUG n.processor.TaskPollingMonitor - Task completed > TaskHandler[id: 5; name: post_quality_check; status: COMPLETED; exit: 0; error: -; workDir: /data/rna_seq_pipeline/work/67/ebb18d99db9382d714505dc4145533]
Jul-24 14:02:24.405 [main] DEBUG nextflow.Session - Session await > all processes finished
Jul-24 14:02:24.497 [Task monitor] DEBUG n.processor.TaskPollingMonitor - <<< barrier arrives (monitor: local) - terminating tasks monitor poll loop
Jul-24 14:02:24.498 [main] DEBUG nextflow.Session - Session await > all barriers passed
Jul-24 14:02:24.503 [main] DEBUG nextflow.util.ThreadPoolManager - Thread pool 'TaskFinalizer' shutdown completed (hard=false)
Jul-24 14:02:24.506 [main] DEBUG nextflow.util.ThreadPoolManager - Thread pool 'PublishDir' shutdown completed (hard=false)
Jul-24 14:02:24.517 [main] DEBUG n.trace.WorkflowStatsObserver - Workflow completed > WorkflowStats[succeededCount=5; failedCount=0; ignoredCount=0; cachedCount=0; pendingCount=0; submittedCount=0; runningCount=0; retriesCount=0; abortedCount=0; succeedDuration=4m 18s; failedDuration=0ms; cachedDuration=0ms;loadCpus=0; loadMemory=0; peakRunning=2; peakCpus=2; peakMemory=0; ]
Jul-24 14:02:24.622 [main] DEBUG nextflow.cache.CacheDB - Closing CacheDB done
Jul-24 14:02:24.713 [main] DEBUG nextflow.util.ThreadPoolManager - Thread pool 'FileTransfer' shutdown completed (hard=false)
Jul-24 14:02:24.715 [main] DEBUG nextflow.script.ScriptRunner - > Execution complete -- Goodbye
